[    0.000000] Linux version 4.15.0-212-generic (buildd@lcy02-amd64-083) (gcc version 7.5.0 (Ubuntu 7.5.0-3ubuntu1~18.04)) #223-Ubuntu SMP Tue May 23 13:09:22 UTC 2023 (Ubuntu 4.15.0-212.223-generic 4.15.18)
[    0.000000] Command line: BOOT_IMAGE=/boot/vmlinuz-4.15.0-212-generic root=LABEL=cloudimg-rootfs ro console=tty1 console=ttyS0
[    0.000000] KERNEL supported cpus:
[    0.000000]   Intel GenuineIntel
[    0.000000]   AMD AuthenticAMD
[    0.000000]   Centaur CentaurHauls
[    0.000000] [Firmware Bug]: TSC doesn't count with P0 frequency!
[    0.000000] x86/fpu: Supporting XSAVE feature 0x001: 'x87 floating point registers'
[    0.000000] x86/fpu: Supporting XSAVE feature 0x002: 'SSE registers'
[    0.000000] x86/fpu: Supporting XSAVE feature 0x004: 'AVX registers'
[    0.000000] x86/fpu: xstate_offset[2]:  576, xstate_sizes[2]:  256
[    0.000000] x86/fpu: Enabled xstate features 0x7, context size is 832 bytes, using 'standard' format.
[    0.000000] e820: BIOS-provided physical RAM map:
[    0.000000] BIOS-e820: [mem 0x0000000000000000-0x000000000009fbff] usable
[    0.000000] BIOS-e820: [mem 0x000000000009fc00-0x000000000009ffff] reserved
[    0.000000] BIOS-e820: [mem 0x00000000000f0000-0x00000000000fffff] reserved
[    0.000000] BIOS-e820: [mem 0x0000000000100000-0x000000001ffeffff] usable
[    0.000000] BIOS-e820: [mem 0x000000001fff0000-0x000000001fffffff] ACPI data
[    0.000000] BIOS-e820: [mem 0x00000000fec00000-0x00000000fec00fff] reserved
[    0.000000] BIOS-e820: [mem 0x00000000fee00000-0x00000000fee00fff] reserved
[    0.000000] BIOS-e820: [mem 0x00000000fffc0000-0x00000000ffffffff] reserved
[    0.000000] NX (Execute Disable) protection: active
[    0.000000] SMBIOS 2.5 present.
[    0.000000] DMI: innotek GmbH VirtualBox/VirtualBox, BIOS VirtualBox 12/01/2006
[    0.000000] Hypervisor detected: KVM
[    0.000000] e820: last_pfn = 0x1fff0 max_arch_pfn = 0x400000000
[    0.000000] MTRR: Disabled
[    0.000000] x86/PAT: MTRRs disabled, skipping PAT initialization too.
[    0.000000] CPU MTRRs all blank - virtualized system.
[    0.000000] x86/PAT: Configuration [0-7]: WB  WT  UC- UC  WB  WT  UC- UC  
[    0.000000] found SMP MP-table at [mem 0x0009fff0-0x0009ffff]
[    0.000000] Scanning 1 areas for low memory corruption
[    0.000000] RAMDISK: [mem 0x1db01000-0x1ee12fff]
[    0.000000] ACPI: Early table checksum verification disabled
[    0.000000] ACPI: RSDP 0x00000000000E0000 000024 (v02 VBOX  )
[    0.000000] ACPI: XSDT 0x000000001FFF0030 00003C (v01 VBOX   VBOXXSDT 00000001 ASL  00000061)
[    0.000000] ACPI: FACP 0x000000001FFF00F0 0000F4 (v04 VBOX   VBOXFACP 00000001 ASL  00000061)
[    0.000000] ACPI: DSDT 0x000000001FFF0610 002353 (v02 VBOX   VBOXBIOS 00000002 INTL 20100528)
[    0.000000] ACPI: FACS 0x000000001FFF0200 000040
[    0.000000] ACPI: FACS 0x000000001FFF0200 000040
[    0.000000] ACPI: APIC 0x000000001FFF0240 000054 (v02 VBOX   VBOXAPIC 00000001 ASL  00000061)
[    0.000000] ACPI: SSDT 0x000000001FFF02A0 00036C (v01 VBOX   VBOXCPUT 00000002 INTL 20100528)
[    0.000000] ACPI: Reserving FACP table memory at [mem 0x1fff00f0-0x1fff01e3]
[    0.000000] ACPI: Reserving DSDT table memory at [mem 0x1fff0610-0x1fff2962]
[    0.000000] ACPI: Reserving FACS table memory at [mem 0x1fff0200-0x1fff023f]
[    0.000000] ACPI: Reserving FACS table memory at [mem 0x1fff0200-0x1fff023f]
[    0.000000] ACPI: Reserving APIC table memory at [mem 0x1fff0240-0x1fff0293]
[    0.000000] ACPI: Reserving SSDT table memory at [mem 0x1fff02a0-0x1fff060b]
[    0.000000] No NUMA configuration found
[    0.000000] Faking a node at [mem 0x0000000000000000-0x000000001ffeffff]
[    0.000000] NODE_DATA(0) allocated [mem 0x1ffc5000-0x1ffeffff]
[    0.000000] kvm-clock: cpu 0, msr 0:1ff44001, primary cpu clock
[    0.000000] kvm-clock: Using msrs 4b564d01 and 4b564d00
[    0.000000] kvm-clock: using sched offset of 3407692276 cycles
[    0.000000] clocksource: kvm-clock: mask: 0xffffffffffffffff max_cycles: 0x1cd42e4dffb, max_idle_ns: 881590591483 ns
[    0.000000] Zone ranges:
[    0.000000]   DMA      [mem 0x0000000000001000-0x0000000000ffffff]
[    0.000000]   DMA32    [mem 0x0000000001000000-0x000000001ffeffff]
[    0.000000]   Normal   empty
[    0.000000]   Device   empty
[    0.000000] Movable zone start for each node
[    0.000000] Early memory node ranges
[    0.000000]   node   0: [mem 0x0000000000001000-0x000000000009efff]
[    0.000000]   node   0: [mem 0x0000000000100000-0x000000001ffeffff]
[    0.000000] Reserved but unavailable: 104 pages
[    0.000000] Initmem setup node 0 [mem 0x0000000000001000-0x000000001ffeffff]
[    0.000000] ACPI: PM-Timer IO Port: 0x4008
[    0.000000] IOAPIC[0]: apic_id 1, version 32, address 0xfec00000, GSI 0-23
[    0.000000] ACPI: INT_SRC_OVR (bus 0 bus_irq 0 global_irq 2 dfl dfl)
[    0.000000] ACPI: INT_SRC_OVR (bus 0 bus_irq 9 global_irq 9 low level)
[    0.000000] Using ACPI (MADT) for SMP configuration information
[    0.000000] smpboot: Allowing 1 CPUs, 0 hotplug CPUs
[    0.000000] PM: Registered nosave memory: [mem 0x00000000-0x00000fff]
[    0.000000] PM: Registered nosave memory: [mem 0x0009f000-0x0009ffff]
[    0.000000] PM: Registered nosave memory: [mem 0x000a0000-0x000effff]
[    0.000000] PM: Registered nosave memory: [mem 0x000f0000-0x000fffff]
[    0.000000] e820: [mem 0x20000000-0xfebfffff] available for PCI devices
[    0.000000] Booting paravirtualized kernel on KVM
[    0.000000] clocksource: refined-jiffies: mask: 0xffffffff max_cycles: 0xffffffff, max_idle_ns: 7645519600211568 ns
[    0.000000] setup_percpu: NR_CPUS:8192 nr_cpumask_bits:1 nr_cpu_ids:1 nr_node_ids:1
[    0.000000] percpu: Embedded 50 pages/cpu s167936 r8192 d28672 u2097152
[    0.000000] PV qspinlock hash table entries: 256 (order: 0, 4096 bytes)
[    0.000000] Built 1 zonelists, mobility grouping on.  Total pages: 128889
[    0.000000] Policy zone: DMA32
[    0.000000] Kernel command line: BOOT_IMAGE=/boot/vmlinuz-4.15.0-212-generic root=LABEL=cloudimg-rootfs ro console=tty1 console=ttyS0
[    0.000000] Memory: 466748K/523832K available (12300K kernel code, 2477K rwdata, 4324K rodata, 2480K init, 2720K bss, 57084K reserved, 0K cma-reserved)
[    0.000000] SLUB: HWalign=64, Order=0-3, MinObjects=0, CPUs=1, Nodes=1
[    0.000000] ftrace: allocating 39508 entries in 155 pages
[    0.004000] Hierarchical RCU implementation.
[    0.004000] 	RCU restricting CPUs from NR_CPUS=8192 to nr_cpu_ids=1.
[    0.004000] 	Tasks RCU enabled.
[    0.004000] RCU: Adjusting geometry for rcu_fanout_leaf=16, nr_cpu_ids=1
[    0.004000] NR_IRQS: 524544, nr_irqs: 256, preallocated irqs: 16
[    0.004000] random: crng init done
[    0.004000] Console: colour VGA+ 80x25
[    0.004000] console [tty1] enabled
[    0.004000] console [ttyS0] enabled
[    0.004000] ACPI: Core revision 20170831
[    0.004000] ACPI: 2 ACPI AML tables successfully acquired and loaded
[    0.004000] APIC: Switch to symmetric I/O mode setup
[    0.004000] x2apic enabled
[    0.004000] Switched APIC routing to physical x2apic.
[    0.004000] ..TIMER: vector=0x30 apic1=0 pin1=2 apic2=-1 pin2=-1
[    0.004009] tsc: Detected 2096.074 MHz processor
[    0.004842] Calibrating delay loop (skipped) preset value.. 4192.14 BogoMIPS (lpj=8384296)
[    0.005463] pid_max: default: 32768 minimum: 301
[    0.008056] Security Framework initialized
[    0.008847] Yama: becoming mindful.
[    0.009601] AppArmor: AppArmor initialized
[    0.010433] Dentry cache hash table entries: 65536 (order: 7, 524288 bytes)
[    0.011736] Inode-cache hash table entries: 32768 (order: 6, 262144 bytes)
[    0.012034] Mount-cache hash table entries: 1024 (order: 1, 8192 bytes)
[    0.013182] Mountpoint-cache hash table entries: 1024 (order: 1, 8192 bytes)
[    0.014702] CPU0: Hyper-Threading is disabled
[    0.016041] Last level iTLB entries: 4KB 1024, 2MB 1024, 4MB 512
[    0.017102] Last level dTLB entries: 4KB 2048, 2MB 2048, 4MB 1024, 1GB 0
[    0.017929] Spectre V1 : Mitigation: usercopy/swapgs barriers and __user pointer sanitization
[    0.020008] Spectre V2 : Mitigation: Retpolines
[    0.020713] Spectre V2 : Spectre v2 / SpectreRSB mitigation: Filling RSB on context switch
[    0.021971] Spectre V2 : Spectre v2 / SpectreRSB : Filling RSB on VMEXIT
[    0.022958] RETBleed: Vulnerable
[    0.024041] Freeing SMP alternatives memory: 36K
[    0.141274] APIC calibration not consistent with PM-Timer: 101ms instead of 100ms
[    0.142823] APIC delta adjusted to PM-Timer: 6281220 (6379346)
[    0.144000] smpboot: CPU0: AMD Ryzen 5 5500U with Radeon Graphics (family: 0x17, model: 0x68, stepping: 0x1)
[    0.144000] Performance Events: PMU not available due to virtualization, using software events only.
[    0.144000] Hierarchical SRCU implementation.
[    0.144546] NMI watchdog: Perf event create on CPU 0 failed with -2
[    0.145602] NMI watchdog: Perf NMI watchdog permanently disabled
[    0.146687] smp: Bringing up secondary CPUs ...
[    0.147565] smp: Brought up 1 node, 1 CPU
[    0.148006] smpboot: Max logical packages: 1
[    0.148790] smpboot: Total of 1 processors activated (4192.14 BogoMIPS)
[    0.150085] devtmpfs: initialized
[    0.150841] x86/mm: Memory block size: 128MB
[    0.151747] evm: security.selinux
[    0.152010] evm: security.SMACK64
[    0.152542] evm: security.SMACK64EXEC
[    0.153090] evm: security.SMACK64TRANSMUTE
[    0.153937] evm: security.SMACK64MMAP
[    0.156008] evm: security.apparmor
[    0.156484] evm: security.ima
[    0.156881] evm: security.capability
[    0.157507] clocksource: jiffies: mask: 0xffffffff max_cycles: 0xffffffff, max_idle_ns: 7645041785100000 ns
[    0.158746] futex hash table entries: 256 (order: 2, 16384 bytes)
[    0.159575] pinctrl core: initialized pinctrl subsystem
[    0.160135] RTC time: 13:29:30, date: 11/12/24
[    0.160997] NET: Registered protocol family 16
[    0.162058] audit: initializing netlink subsys (disabled)
[    0.163216] audit: type=2000 audit(1731418175.260:1): state=initialized audit_enabled=0 res=1
[    0.164124] cpuidle: using governor ladder
[    0.164723] cpuidle: using governor menu
[    0.165504] ACPI: bus type PCI registered
[    0.166071] acpiphp: ACPI Hot Plug PCI Controller Driver version: 0.5
[    0.167151] PCI: Using configuration type 1 for base access
[    0.168007] PCI: Using configuration type 1 for extended access
[    0.169958] HugeTLB registered 2.00 MiB page size, pre-allocated 0 pages
[    0.171280] ACPI: Added _OSI(Module Device)
[    0.172011] ACPI: Added _OSI(Processor Device)
[    0.172720] ACPI: Added _OSI(3.0 _SCP Extensions)
[    0.173479] ACPI: Added _OSI(Processor Aggregator Device)
[    0.174351] ACPI: Added _OSI(Linux-Dell-Video)
[    0.175110] ACPI: Added _OSI(Linux-Lenovo-NV-HDMI-Audio)
[    0.176024] ACPI: Added _OSI(Linux-HPI-Hybrid-Graphics)
[    0.177155] ACPI: Executed 1 blocks of module-level executable AML code
[    0.181259] ACPI: Interpreter enabled
[    0.181961] ACPI: (supports S0 S5)
[    0.182606] ACPI: Using IOAPIC for interrupt routing
[    0.184289] PCI: Using host bridge windows from ACPI; if necessary, use "pci=nocrs" and report a bug
[    0.185699] ACPI: Enabled 2 GPEs in block 00 to 07
[    0.192403] ACPI: PCI Root Bridge [PCI0] (domain 0000 [bus 00-ff])
[    0.193482] acpi PNP0A03:00: _OSC: OS supports [ExtendedConfig ASPM ClockPM Segments MSI]
[    0.195802] acpi PNP0A03:00: _OSC: platform does not support [PCIeCapability]
[    0.196568] acpi PNP0A03:00: _OSC: not requesting control; platform does not support [PCIeCapability]
[    0.198246] acpi PNP0A03:00: _OSC: OS requested [PCIeHotplug PME AER PCIeCapability]
[    0.200014] acpi PNP0A03:00: _OSC: platform willing to grant [PCIeHotplug PME AER]
[    0.201968] acpi PNP0A03:00: _OSC failed (AE_SUPPORT); disabling ASPM
[    0.203551] PCI host bridge to bus 0000:00
[    0.204012] pci_bus 0000:00: root bus resource [io  0x0000-0x0cf7 window]
[    0.204914] pci_bus 0000:00: root bus resource [io  0x0d00-0xffff window]
[    0.205885] pci_bus 0000:00: root bus resource [mem 0x000a0000-0x000bffff window]
[    0.206939] pci_bus 0000:00: root bus resource [mem 0x20000000-0xfdffffff window]
[    0.208011] pci_bus 0000:00: root bus resource [bus 00-ff]
[    0.210240] pci 0000:00:01.1: legacy IDE quirk: reg 0x10: [io  0x01f0-0x01f7]
[    0.211473] pci 0000:00:01.1: legacy IDE quirk: reg 0x14: [io  0x03f6]
[    0.212012] pci 0000:00:01.1: legacy IDE quirk: reg 0x18: [io  0x0170-0x0177]
[    0.213173] pci 0000:00:01.1: legacy IDE quirk: reg 0x1c: [io  0x0376]
[    0.227757] pci 0000:00:07.0: quirk: [io  0x4000-0x403f] claimed by PIIX4 ACPI
[    0.228055] pci 0000:00:07.0: quirk: [io  0x4100-0x410f] claimed by PIIX4 SMB
[    0.237631] ACPI: PCI Interrupt Link [LNKA] (IRQs 5 9 10 *11)
[    0.239080] ACPI: PCI Interrupt Link [LNKB] (IRQs 5 9 *10 11)
[    0.240100] ACPI: PCI Interrupt Link [LNKC] (IRQs 5 *9 10 11)
[    0.241664] ACPI: PCI Interrupt Link [LNKD] (IRQs 5 9 10 *11)
[    0.242721] SCSI subsystem initialized
[    0.243415] pci 0000:00:02.0: vgaarb: setting as boot VGA device
[    0.244000] pci 0000:00:02.0: vgaarb: VGA device added: decodes=io+mem,owns=io+mem,locks=none
[    0.244008] pci 0000:00:02.0: vgaarb: bridge control possible
[    0.244850] vgaarb: loaded
[    0.245325] ACPI: bus type USB registered
[    0.245953] usbcore: registered new interface driver usbfs
[    0.248021] usbcore: registered new interface driver hub
[    0.248788] usbcore: registered new device driver usb
[    0.249752] EDAC MC: Ver: 3.0.0
[    0.250614] PCI: Using ACPI for IRQ routing
[    0.251546] NetLabel: Initializing
[    0.252006] NetLabel:  domain hash size = 128
[    0.252607] NetLabel:  protocols = UNLABELED CIPSOv4 CALIPSO
[    0.253450] NetLabel:  unlabeled traffic allowed by default
[    0.254496] clocksource: Switched to clocksource kvm-clock
[    0.295958] VFS: Disk quotas dquot_6.6.0
[    0.296748] VFS: Dquot-cache hash table entries: 512 (order 0, 4096 bytes)
[    0.298025] AppArmor: AppArmor Filesystem Enabled
[    0.298898] pnp: PnP ACPI init
[    0.300627] pnp: PnP ACPI: found 3 devices
[    0.306907] clocksource: acpi_pm: mask: 0xffffff max_cycles: 0xffffff, max_idle_ns: 2085701024 ns
[    0.308545] NET: Registered protocol family 2
[    0.309317] IP idents hash table entries: 8192 (order: 4, 65536 bytes)
[    0.310531] TCP established hash table entries: 4096 (order: 3, 32768 bytes)
[    0.311679] TCP bind hash table entries: 4096 (order: 4, 65536 bytes)
[    0.312741] TCP: Hash tables configured (established 4096 bind 4096)
[    0.313581] UDP hash table entries: 256 (order: 1, 8192 bytes)
[    0.314875] UDP-Lite hash table entries: 256 (order: 1, 8192 bytes)
[    0.316099] NET: Registered protocol family 1
[    0.316823] pci 0000:00:00.0: Limiting direct PCI/PCI transfers
[    0.317704] pci 0000:00:01.0: Activating ISA DMA hang workarounds
[    0.318570] pci 0000:00:02.0: Video device with shadowed ROM at [mem 0x000c0000-0x000dffff]
[    0.319897] Unpacking initramfs...
[    0.747074] Freeing initrd memory: 19528K
[    0.748114] clocksource: tsc: mask: 0xffffffffffffffff max_cycles: 0x1e36b3e4f0a, max_idle_ns: 440795262331 ns
[    0.750186] platform rtc_cmos: registered platform RTC device (no PNP device found)
[    0.751738] Scanning for low memory corruption every 60 seconds
[    0.753522] Initialise system trusted keyrings
[    0.754269] Key type blacklist registered
[    0.755104] workingset: timestamp_bits=36 max_order=17 bucket_order=0
[    0.757122] zbud: loaded
[    0.758403] squashfs: version 4.0 (2009/01/31) Phillip Lougher
[    0.759852] fuse init (API version 7.26)
[    0.761595] Key type asymmetric registered
[    0.762487] Asymmetric key parser 'x509' registered
[    0.763540] Block layer SCSI generic (bsg) driver version 0.4 loaded (major 246)
[    0.764841] io scheduler noop registered
[    0.765503] io scheduler deadline registered
[    0.766245] io scheduler cfq registered (default)
[    0.767421] ACPI: AC Adapter [AC] (on-line)
[    0.768452] input: Power Button as /devices/LNXSYSTM:00/LNXPWRBN:00/input/input0
[    0.769694] ACPI: Power Button [PWRF]
[    0.770481] input: Sleep Button as /devices/LNXSYSTM:00/LNXSLPBN:00/input/input1
[    0.772041] ACPI: Sleep Button [SLPF]
[    0.773991] ACPI: Battery Slot [BAT0] (battery present)
[    0.775184] Serial: 8250/16550 driver, 32 ports, IRQ sharing enabled
[    0.780374] 00:02: ttyS0 at I/O 0x3f8 (irq = 4, base_baud = 115200) is a 16550A
[    0.800315] Linux agpgart interface v0.103
[    0.802186] loop: module loaded
[    0.803545] scsi host0: ata_piix
[    0.804312] scsi host1: ata_piix
[    0.805093] ata1: PATA max UDMA/33 cmd 0x1f0 ctl 0x3f6 bmdma 0xd000 irq 14
[    0.806272] ata2: PATA max UDMA/33 cmd 0x170 ctl 0x376 bmdma 0xd008 irq 15
[    0.808068] tun: Universal TUN/TAP device driver, 1.6
[    0.809130] PPP generic driver version 2.4.2
[    0.809992] ehci_hcd: USB 2.0 'Enhanced' Host Controller (EHCI) Driver
[    0.811158] ehci-pci: EHCI PCI platform driver
[    0.811976] ehci-platform: EHCI generic platform driver
[    0.813315] ohci_hcd: USB 1.1 'Open' Host Controller (OHCI) Driver
[    0.814450] ohci-pci: OHCI PCI platform driver
[    0.815415] ohci-platform: OHCI generic platform driver
[    0.816485] uhci_hcd: USB Universal Host Controller Interface driver
[    0.817538] i8042: PNP: PS/2 Controller [PNP0303:PS2K,PNP0f03:PS2M] at 0x60,0x64 irq 1,12
[    0.819730] serio: i8042 KBD port at 0x60,0x64 irq 1
[    0.820894] serio: i8042 AUX port at 0x60,0x64 irq 12
[    0.821931] mousedev: PS/2 mouse device common for all mice
[    0.823330] input: AT Translated Set 2 keyboard as /devices/platform/i8042/serio0/input/input2
[    0.825145] rtc_cmos rtc_cmos: rtc core: registered rtc_cmos as rtc0
[    0.826235] rtc_cmos rtc_cmos: alarms up to one day, 114 bytes nvram
[    0.827123] i2c /dev entries driver
[    0.827708] device-mapper: uevent: version 1.0.3
[    0.828660] device-mapper: ioctl: 4.37.0-ioctl (2017-09-20) initialised: dm-devel@redhat.com
[    0.830159] ledtrig-cpu: registered to indicate activity on CPUs
[    0.831575] NET: Registered protocol family 10
[    0.836186] Segment Routing with IPv6
[    0.837105] NET: Registered protocol family 17
[    0.838018] Key type dns_resolver registered
[    0.838912] mce: Using 0 MCE banks
[    0.839540] RAS: Correctable Errors collector initialized.
[    0.840636] sched_clock: Marking stable (840532563, 0)->(985453929, -144921366)
[    0.842025] registered taskstats version 1
[    0.842750] Loading compiled-in X.509 certificates
[    0.845649] Loaded X.509 cert 'Build time autogenerated kernel key: b5b26778eaa3ab3a4a6cee031137706e947d12ad'
[    0.848114] Loaded X.509 cert 'Canonical Ltd. Live Patch Signing: 14df34d1a87cf37625abec039ef2bf521249b969'
[    0.850208] Loaded X.509 cert 'Canonical Ltd. Kernel Module Signing: 88f752e560a1e0737e31163a466ad7b70a850c19'
[    0.851868] blacklist: Loading compiled-in revocation X.509 certificates
[    0.853066] Loaded X.509 cert 'Canonical Ltd. Secure Boot Signing: 61482aa2830d0ab2ad5af10b7250da9033ddcef0'
[    0.854724] Loaded X.509 cert 'Canonical Ltd. Secure Boot Signing (2017): 242ade75ac4a15e50d50c84b0d45ff3eae707a03'
[    0.856389] Loaded X.509 cert 'Canonical Ltd. Secure Boot Signing (ESM 2018): 365188c1d374d6b07c3c8f240f8ef722433d6a8b'
[    0.858183] Loaded X.509 cert 'Canonical Ltd. Secure Boot Signing (2019): c0746fd6c5da3ae827864651ad66ae47fe24b3e8'
[    0.859604] Loaded X.509 cert 'Canonical Ltd. Secure Boot Signing (2021 v1): a8d54bbb3825cfb94fa13c9f8a594a195c107b8d'
[    0.861039] Loaded X.509 cert 'Canonical Ltd. Secure Boot Signing (2021 v2): 4cf046892d6fd3c9a5b03f98d845f90851dc6a8c'
[    0.862960] Loaded X.509 cert 'Canonical Ltd. Secure Boot Signing (2021 v3): 100437bb6de6e469b581e61cd66bce3ef4ed53af'
[    0.864807] Loaded X.509 cert 'Canonical Ltd. Secure Boot Signing (Ubuntu Core 2019): c1d57b8f6b743f23ee41f4f7ee292f06eecadfb9'
[    0.866656] zswap: loaded using pool lzo/zbud
[    0.870064] Key type big_key registered
[    0.870904] Key type trusted registered
[    0.873206] Key type encrypted registered
[    0.874021] AppArmor: AppArmor sha1 policy hashing enabled
[    0.875038] ima: No TPM chip found, activating TPM-bypass! (rc=-19)
[    0.876138] ima: Allocated hash algorithm: sha1
[    0.877166] evm: HMAC attrs: 0x1
[    0.878092]   Magic number: 0:238:483
[    0.878851] rtc_cmos rtc_cmos: setting system clock to 2024-11-12 13:29:31 UTC (1731418171)
[    0.880413] BIOS EDD facility v0.16 2004-Jun-25, 0 devices found
[    0.881425] EDD information not available.
[    0.989972] Freeing unused kernel image memory: 2480K
[    1.000461] Write protecting the kernel read-only data: 20480k
[    1.002153] Freeing unused kernel image memory: 2008K
[    1.003242] Freeing unused kernel image memory: 1820K
[    1.012192] x86/mm: Checked W+X mappings: passed, no W+X pages found.
Loading, please wait...
starting version 237
[    1.126130] e1000: Intel(R) PRO/1000 Network Driver - version 7.3.21-k8-NAPI
[    1.127336] e1000: Copyright (c) 1999-2006 Intel Corporation.
[    1.133687] Fusion MPT base driver 3.04.20
[    1.134441] Copyright (c) 1999-2008 LSI Corporation
[    1.149388] Fusion MPT SPI Host driver 3.04.20
[    1.158980] AVX2 version of gcm_enc/dec engaged.
[    1.160105] AES CTR mode by8 optimization enabled
[    1.353450] input: ImExPS/2 Generic Explorer Mouse as /devices/platform/i8042/serio1/input/input4
[    1.551876] e1000 0000:00:03.0 eth0: (PCI:33MHz:32-bit) 02:3b:7b:b7:3b:2d
[    1.553030] e1000 0000:00:03.0 eth0: Intel(R) PRO/1000 Network Connection
[    1.555036] mptbase: ioc0: Initiating bringup
[    1.664685] ioc0: LSI53C1030 A0: Capabilities={Initiator}
[    1.905335] scsi host2: ioc0: LSI53C1030 A0, FwRev=00000000h, Ports=1, MaxQ=256, IRQ=20
[    2.072794] scsi 2:0:0:0: Direct-Access     VBOX     HARDDISK         1.0  PQ: 0 ANSI: 5
[    2.074301] scsi target2:0:0: Beginning Domain Validation
[    2.077407] scsi target2:0:0: Domain Validation skipping write tests
[    2.078455] scsi target2:0:0: Ending Domain Validation
[    2.079493] scsi target2:0:0: asynchronous
[    2.080570] scsi 2:0:1:0: Direct-Access     VBOX     HARDDISK         1.0  PQ: 0 ANSI: 5
[    2.081839] scsi target2:0:1: Beginning Domain Validation
[    2.083627] scsi target2:0:1: Domain Validation skipping write tests
[    2.084791] scsi target2:0:1: Ending Domain Validation
[    2.085809] scsi target2:0:1: asynchronous
[    2.090319] sd 2:0:0:0: [sda] 83886080 512-byte logical blocks: (42.9 GB/40.0 GiB)
[    2.091743] sd 2:0:0:0: [sda] Write Protect is off
[    2.092673] sd 2:0:0:0: Attached scsi generic sg0 type 0
[    2.093422] sd 2:0:0:0: [sda] Incomplete mode parameter data
[    2.094156] sd 2:0:0:0: [sda] Assuming drive cache: write through
[    2.095947] sd 2:0:1:0: [sdb] 20480 512-byte logical blocks: (10.5 MB/10.0 MiB)
[    2.097191] sd 2:0:1:0: [sdb] Write Protect is off
[    2.098092] sd 2:0:1:0: [sdb] Incomplete mode parameter data
[    2.098986] sd 2:0:1:0: [sdb] Assuming drive cache: write through
[    2.100016] sd 2:0:1:0: Attached scsi generic sg1 type 0
[    2.101241]  sda: sda1
[    2.102540] sd 2:0:0:0: [sda] Attached SCSI disk
[    2.104886] sd 2:0:1:0: [sdb] Attached SCSI disk
[    2.461483] e1000 0000:00:08.0 eth1: (PCI:33MHz:32-bit) 08:00:27:79:57:73
[    2.462680] e1000 0000:00:08.0 eth1: Intel(R) PRO/1000 Network Connection
[    2.465284] e1000 0000:00:08.0 enp0s8: renamed from eth1
[    2.468402] e1000 0000:00:03.0 enp0s3: renamed from eth0
Begin: Loading essential drivers ... [    3.856615] raid6: sse2x1   gen()  7245 MB/s
[    3.922392] raid6: sse2x1   xor()  8678 MB/s
[    3.987913] raid6: sse2x2   gen() 18213 MB/s
[    4.053449] raid6: sse2x2   xor() 12071 MB/s
[    4.113903] raid6: sse2x4   gen() 17993 MB/s
[    4.165491] raid6: sse2x4   xor() 10445 MB/s
[    4.229520] raid6: avx2x1   gen() 21012 MB/s
[    4.293907] raid6: avx2x1   xor() 16803 MB/s
[    4.357919] raid6: avx2x2   gen() 37813 MB/s
[    4.422440] raid6: avx2x2   xor() 19983 MB/s
[    4.486449] raid6: avx2x4   gen() 39531 MB/s
[    4.536991] raid6: avx2x4   xor() 17252 MB/s
[    4.537631] raid6: using algorithm avx2x4 gen() 39531 MB/s
[    4.538331] raid6: .... xor() 17252 MB/s, rmw enabled
[    4.539018] raid6: using avx2x2 recovery algorithm
[    4.541045] xor: automatically using best checksumming function   avx       
[    4.543044] async_tx: api initialized (async)
done.
Begin: Running /scripts/init-premount ... done.
Begin: Mounting root file system ... Begin: Running /scripts/local-top ... done.
Begin: Running /scripts/local-premount ... [    4.582664] Btrfs loaded, crc32c=crc32c-intel
Scanning for Btrfs filesystems
done.
Warning: fsck not present, so skipping root file system
[    4.603790] EXT4-fs (sda1): mounted filesystem with ordered data mode. Opts: (null)
done.
Begin: Running /scripts/local-bottom ... done.
Begin: Running /scripts/init-bottom ... done.
[    4.745256] ip_tables: (C) 2000-2006 Netfilter Core Team
[    4.753635] systemd[1]: systemd 237 running in system mode. (+PAM +AUDIT +SELINUX +IMA +APPARMOR +SMACK +SYSVINIT +UTMP +LIBCRYPTSETUP +GCRYPT +GNUTLS +ACL +XZ +LZ4 +SECCOMP +BLKID +ELFUTILS +KMOD -IDN2 +IDN -PCRE2 default-hierarchy=hybrid)
[    4.756614] systemd[1]: Detected virtualization oracle.
[    4.757467] systemd[1]: Detected architecture x86-64.

Welcome to [1mUbuntu 18.04.6 LTS[0m!

[    4.761887] systemd[1]: Set hostname to <ubuntu>.
[    4.763726] systemd[1]: Initializing machine ID from random generator.
[    4.765161] systemd[1]: Installed transient /etc/machine-id file.
[    4.989842] systemd[1]: Reached target Swap.
[[0;32m  OK  [0m] Reached target Swap.
[    4.991610] systemd[1]: Created slice System Slice.
[[0;32m  OK  [0m] Created slice System Slice.
[    4.993116] systemd[1]: Listening on fsck to fsckd communication Socket.
[[0;32m  OK  [0m] Listening on fsck to fsckd communication Socket.
[    4.994940] systemd[1]: Listening on Syslog Socket.
[[0;32m  OK  [0m] Listening on Syslog Socket.
[[0;32m  OK  [0m] Listening on Journal Socket (/dev/log).
[[0;32m  OK  [0m] Listening on /dev/initctl Compatibility Named Pipe.
[[0;32m  OK  [0m] Listening on Device-mapper event daemon FIFOs.
[[0;32m  OK  [0m] Created slice system-serial\x2dgetty.slice.
[[0;32m  OK  [0m] Listening on LVM2 metadata daemon socket.
[[0;32m  OK  [0m] Listening on Journal Audit Socket.
[[0;32m  OK  [0m] Listening on udev Kernel Socket.
[[0;32m  OK  [0m] Listening on udev Control Socket.
[[0;32m  OK  [0m] Set up automount Arbitrary Executab…rmats File System Automount Point.
[[0;32m  OK  [0m] Reached target System Time Synchronized.
[[0;32m  OK  [0m] Listening on Network Service Netlink Socket.
[[0;32m  OK  [0m] Reached target Mounting snaps.
[[0;32m  OK  [0m] Reached target Mounted snaps.
[[0;32m  OK  [0m] Listening on Journal Socket.
         Mounting Kernel Debug File System...
         Starting File System Check on Root Device...
         Starting Journal Service...
         Starting udev Coldplug all Devices...
         Starting Create list of required st…ce nodes for the current kernel...
         Starting Set the console keyboard layout...
         Mounting Huge Pages File System...
         Starting Uncomplicated firewall...
         Starting Monitoring of LVM2 mirrors…ng dmeventd or progress polling...
         Starting Load Kernel Modules...
[[0;32m  OK  [0m] Started Forward Password Requests to Wall Directory Watch.
         Mounting POSIX Message Queue File System...
[[0;32m  OK  [0m] Reached target User and Group Name Lookups.
[[0;32m  OK  [0m] Created slice User and Session Slice.
[[0;32m  OK  [0m] Reached target Slices.
[[0;32m  OK  [0m] Listening on LVM2 poll daemon socket.
[[0;32m  OK  [0m] Started Journal Service.
[[0;32m  OK  [0m] Mounted Kernel Debug File System.
[[0;32m  OK  [0m] Started Create list of required sta…vice nodes for the current kernel.
[[0;32m  OK  [0m] Started File System Check on Root Device.
[[0;32m  OK  [0m] Mounted Huge Pages File System.
[[0;32m  OK  [0m] Started Uncomplicated firewall.
[[0;32m  OK  [0m] Mounted POSIX Message Queue File System.
[[0;32m  OK  [0m] Started File System Check Daemon to report status.
         Starting Remount Root and Kernel File Systems...
         Starting Create Static Device Nodes in /dev...
[[0;32m  OK  [0m] Started LVM2 metadata daemon.
[    5.145280] Loading iSCSI transport class v2.0-870.
[[0;32m  OK  [0m] Started udev Coldplug all Devices.
[    5.151408] iscsi: registered transport (tcp)
[[0;32m  OK  [0m] Started Create Static Device Nodes in /dev.
[    5.204296] EXT4-fs (sda1): re-mounted. Opts: (null)
[[0;32m  OK  [0m] Started Remount Root and Kernel File Systems.
         Starting Load/Save Random Seed...
[    5.213050] iscsi: registered transport (iser)
         Starting udev Kernel Device Manager...
         Starting Flush Journal to Persistent Storage...
[[0;32m  OK  [0m] Started Monitoring of LVM2 mirrors,…sing dmeventd or progress polling.
[[0;32m  OK  [0m] Started Load Kernel Modules.
         Starting Apply Kernel Variables...
         Mounting Kernel Configuration File System...
         Mounting FUSE Control File System...
[[0;32m  OK  [0m] Started Load/Save Random Seed.
[[0;32m  OK  [0m] Mounted Kernel Configuration File System.
[[0;32m  OK  [0m] Mounted FUSE Control File System.
[    5.265316] systemd-journald[408]: Received request to flush runtime journal from PID 1
[[0;32m  OK  [0m] Started udev Kernel Device Manager.
[[0;32m  OK  [0m] Started Apply Kernel Variables.
[[0;32m  OK  [0m] Started Flush Journal to Persistent Storage.
[[0;32m  OK  [0m] Found device /dev/ttyS0.
[[0;32m  OK  [0m] Listening on Load/Save RF Kill Switch Status /dev/rfkill Watch.
         Mounting Arbitrary Executable File Formats File System...
[[0;32m  OK  [0m] Mounted Arbitrary Executable File Formats File System.
[[0;32m  OK  [0m] Started Set the console keyboard layout.
[[0;32m  OK  [0m] Reached target Local File Systems (Pre).
[[0;32m  OK  [0m] Reached target Local File Systems.
         Starting AppArmor initialization...
         Starting ebtables ruleset management...
         Starting Tell Plymouth To Write Out Runtime Data...
         Starting Create Volatile Files and Directories...
         Starting Set console font and keymap...
         Starting Commit a transient machine-id on disk...
[[0;32m  OK  [0m] Started Dispatch Password Requests to Console Directory Watch.
[[0;32m  OK  [0m] Reached target Local Encrypted Volumes.
[[0;32m  OK  [0m] Started Tell Plymouth To Write Out Runtime Data.
[[0;32m  OK  [0m] Started Commit a transient machine-id on disk.
[[0;32m  OK  [0m] Started Create Volatile Files and Directories.
         Starting Update UTMP about System Boot/Shutdown...
[[0;32m  OK  [0m] Started Update UTMP about System Boot/Shutdown.
[[0;32m  OK  [0m] Started ebtables ruleset management.
[[0;32m  OK  [0m] Started Set console font and keymap.
[[0;32m  OK  [0m] Started AppArmor initialization.
         Starting Load AppArmor profiles managed internally by snapd...
         Starting Initial cloud-init job (pre-networking)...
[[0;32m  OK  [0m] Started Load AppArmor profiles managed internally by snapd.
[   10.076271] cloud-init[863]: Cloud-init v. 23.1.2-0ubuntu0~18.04.1 running 'init-local' at Tue, 12 Nov 2024 13:29:40 +0000. Up 9.75 seconds.
[[0;32m  OK  [0m] Started Initial cloud-init job (pre-networking).
[[0;32m  OK  [0m] Reached target Network (Pre).
         Starting Network Service...
[[0;32m  OK  [0m] Started Network Service.
         Starting Wait for Network to be Configured...
         Starting Network Name Resolution...
[[0;32m  OK  [0m] Started Network Name Resolution.
[[0;32m  OK  [0m] Reached target Network.
[[0;32m  OK  [0m] Reached target Host and Network Name Lookups.
[[0;32m  OK  [0m] Started Wait for Network to be Configured.
         Starting Initial cloud-init job (metadata service crawler)...
[   12.643739] cloud-init[964]: Cloud-init v. 23.1.2-0ubuntu0~18.04.1 running 'init' at Tue, 12 Nov 2024 13:29:43 +0000. Up 12.48 seconds.
[   12.646202] cloud-init[964]: ci-info: ++++++++++++++++++++++++++++++++++++++Net device info+++++++++++++++++++++++++++++++++++++++
[   12.649898] cloud-init[964]: ci-info: +--------+-------+----------------------------+---------------+--------+-------------------+
[   12.650872] cloud-init[964]: ci-info: | Device |   Up  |          Address           |      Mask     | Scope  |     Hw-Address    |
[   12.653786] cloud-init[964]: ci-info: +--------+-------+----------------------------+---------------+--------+-------------------+
[   12.657182] cloud-init[964]: ci-info: | enp0s3 |  True |         10.0.2.15          | 255.255.255.0 | global | 02:3b:7b:b7:3b:2d |
[   12.658331] cloud-init[964]: ci-info: | enp0s3 |  True | fe80::3b:7bff:feb7:3b2d/64 |       .       |  link  | 02:3b:7b:b7:3b:2d |
[   12.661978] cloud-init[964]: ci-info: | enp0s8 | False |             .              |       .       |   .    | 08:00:27:79:57:73 |
[   12.663024] cloud-init[964]: ci-info: |   lo   |  True |         127.0.0.1          |   255.0.0.0   |  host  |         .         |
[   12.664201] cloud-init[964]: ci-info: |   lo   |  True |          ::1/128           |       .       |  host  |         .         |
[   12.667592] cloud-init[964]: ci-info: +--------+-------+----------------------------+---------------+--------+-------------------+
[   12.668644] cloud-init[964]: ci-info: ++++++++++++++++++++++++++++Route IPv4 info+++++++++++++++++++++++++++++
[   12.672969] cloud-init[964]: ci-info: +-------+-------------+----------+-----------------+-----------+-------+
[   12.674491] cloud-init[964]: ci-info: | Route | Destination | Gateway  |     Genmask     | Interface | Flags |
[   12.680275] cloud-init[964]: ci-info: +-------+-------------+----------+-----------------+-----------+-------+
[   12.681435] cloud-init[964]: ci-info: |   0   |   0.0.0.0   | 10.0.2.2 |     0.0.0.0     |   enp0s3  |   UG  |
[   12.682620] cloud-init[964]: ci-info: |   1   |   10.0.2.0  | 0.0.0.0  |  255.255.255.0  |   enp0s3  |   U   |
[   12.684188] cloud-init[964]: ci-info: |   2   |   10.0.2.2  | 0.0.0.0  | 255.255.255.255 |   enp0s3  |   UH  |
[   12.687893] cloud-init[964]: ci-info: +-------+-------------+----------+-----------------+-----------+-------+
[   12.689234] cloud-init[964]: ci-info: +++++++++++++++++++Route IPv6 info+++++++++++++++++++
[   12.690058] cloud-init[964]: ci-info: +-------+-------------+---------+-----------+-------+
[   12.695026] cloud-init[964]: ci-info: | Route | Destination | Gateway | Interface | Flags |
[   12.695816] cloud-init[964]: ci-info: +-------+-------------+---------+-----------+-------+
[   12.696792] cloud-init[964]: ci-info: |   1   |  fe80::/64  |    ::   |   enp0s3  |   U   |
[   12.701699] cloud-init[964]: ci-info: |   3   |    local    |    ::   |   enp0s3  |   U   |
[   12.702590] cloud-init[964]: ci-info: |   4   |   ff00::/8  |    ::   |   enp0s3  |   U   |
[   12.703340] cloud-init[964]: ci-info: +-------+-------------+---------+-----------+-------+
[   13.306929] cloud-init[964]: Generating public/private rsa key pair.
[   13.307571] cloud-init[964]: Your identification has been saved in /etc/ssh/ssh_host_rsa_key.
[   13.308390] cloud-init[964]: Your public key has been saved in /etc/ssh/ssh_host_rsa_key.pub.
[   13.309434] cloud-init[964]: The key fingerprint is:
[   13.309894] cloud-init[964]: SHA256:eUcck4o6Igkm1EQteu7QMVuQiqfJ6gOcUgyDlm0LKbE root@ubuntu-bionic
[   13.325182] cloud-init[964]: The key's randomart image is:
[   13.326626] cloud-init[964]: +---[RSA 2048]----+
[   13.327349] cloud-init[964]: |o.Boo       o.   |
[   13.327973] cloud-init[964]: |=B B .     ..o   |
[   13.328521] cloud-init[964]: |E+= +    . .o    |
[   13.329050] cloud-init[964]: |+++= .  ....     |
[   13.329952] cloud-init[964]: |=*=.=  .S . .    |
[   13.330476] cloud-init[964]: |==o+. o  . .     |
[   13.331029] cloud-init[964]: |+ o. . .         |
[   13.331572] cloud-init[964]: |.. .             |
[   13.332356] cloud-init[964]: |...              |
[   13.333045] cloud-init[964]: +----[SHA256]-----+
[   13.333580] cloud-init[964]: Generating public/private dsa key pair.
[   13.334155] cloud-init[964]: Your identification has been saved in /etc/ssh/ssh_host_dsa_key.
[   13.335053] cloud-init[964]: Your public key has been saved in /etc/ssh/ssh_host_dsa_key.pub.
[   13.335951] cloud-init[964]: The key fingerprint is:
[   13.336788] cloud-init[964]: SHA256:latWMPzRGpJQB8j7R0ik6JqRCYGSbHRNg60zSuHKUck root@ubuntu-bionic
[   13.337999] cloud-init[964]: The key's randomart image is:
[   13.338820] cloud-init[964]: +---[DSA 1024]----+
[   13.355567] cloud-init[964]: |=o..*+.++..      |
[   13.356170] cloud-init[964]: |+=.E +++.o o     |
[   13.356722] cloud-init[964]: |= o o .o*.= .    |
[   13.357326] cloud-init[964]: | = B  . .*.=     |
[   13.358130] cloud-init[964]: |+ * +  .S.=      |
[   13.358723] cloud-init[964]: |.o +    .o.      |
[   13.359338] cloud-init[964]: |  o     o.       |
[   13.364459] cloud-init[964]: |       .         |
[   13.364864] cloud-init[964]: |                 |
[   13.365462] cloud-init[964]: +----[SHA256]-----+
[   13.366225] cloud-init[964]: Generating public/private ecdsa key pair.
[   13.366910] cloud-init[964]: Your identification has been saved in /etc/ssh/ssh_host_ecdsa_key.
[   13.367712] cloud-init[964]: Your public key has been saved in /etc/ssh/ssh_host_ecdsa_key.pub.
[   13.385253] cloud-init[964]: The key fingerprint is:
[   13.385962] cloud-init[964]: SHA256:Bk/aF8ad9mS/7v08ikP12H0F+cqesCSZE7JpMYCiOqc root@ubuntu-bionic
[   13.386953] cloud-init[964]: The key's randomart image is:
[   13.387779] cloud-init[964]: +---[ECDSA 256]---+
[   13.388392] cloud-init[964]: |     .         . |
[   13.388913] cloud-init[964]: |  . . .  . . .o  |
[   13.389497] cloud-init[964]: | . .  ... + + oo |
[   13.390192] cloud-init[964]: |.      *+..o = .o|
[   13.390994] cloud-init[964]: |.     . S*.+..=.+|
[   13.391700] cloud-init[964]: |o .    .+.=.o.oo+|
[   13.392039] cloud-init[964]: | +     .  .+ + o.|
[   13.392577] cloud-init[964]: |E          .o +o.|
[   13.393265] cloud-init[964]: |           ...oo*|
[   13.394085] cloud-init[964]: +----[SHA256]-----+
[   13.394958] cloud-init[964]: Generating public/private ed25519 key pair.
[   13.411967] cloud-init[964]: Your identification has been saved in /etc/ssh/ssh_host_ed25519_key.
[   13.412962] cloud-init[964]: Your public key has been saved in /etc/ssh/ssh_host_ed25519_key.pub.
[   13.414017] cloud-init[964]: The key fingerprint is:
[   13.414666] cloud-init[964]: SHA256:qgKGb/K91ywqNWbYua1jYN1XY1WqmNCAt7x6r1yYOdA root@ubuntu-bionic
[   13.415891] cloud-init[964]: The key's randomart image is:
[   13.416580] cloud-init[964]: +--[ED25519 256]--+
[   13.417272] cloud-init[964]: |     ..      ..  |
[   13.417879] cloud-init[964]: |    . .o    ..   |
[   13.418537] cloud-init[964]: |     o...  ..    |
[   13.419116] cloud-init[964]: |     .o. o+.     |
[   13.419689] cloud-init[964]: |.  +.oE.So..     |
[   13.420295] cloud-init[964]: |o.+ O.o=.        |
[   13.421045] cloud-init[964]: |.+ = =*+.        |
[   13.421669] cloud-init[964]: |. =.=o=oo        |
[   13.422183] cloud-init[964]: | +.+*Bo+.        |
[   13.422693] cloud-init[964]: +----[SHA256]-----+
[[0;32m  OK  [0m] Started Initial cloud-init job (metadata service crawler).
[[0;32m  OK  [0m] Reached target Network is Online.
         Starting Availability of block devices...
[[0;32m  OK  [0m] Reached target Remote File Systems (Pre).
[[0;32m  OK  [0m] Reached target Remote File Systems.
[[0;32m  OK  [0m] Reached target System Initialization.
[[0;32m  OK  [0m] Started Ubuntu Advantage Timer for running repeated jobs.
[[0;32m  OK  [0m] Listening on ACPID Listen Socket.
         Starting Socket activation for snappy daemon.
[[0;32m  OK  [0m] Listening on Open-iSCSI iscsid Socket.
[[0;32m  OK  [0m] Listening on UUID daemon activation socket.
[[0;32m  OK  [0m] Listening on D-Bus System Message Bus Socket.
[[0;32m  OK  [0m] Started Discard unused blocks once a week.
[[0;32m  OK  [0m] Started Message of the Day.
         Starting LXD - unix socket.
[[0;32m  OK  [0m] Started ACPI Events Check.
[[0;32m  OK  [0m] Reached target Paths.
[[0;32m  OK  [0m] Listening on cloud-init hotplug hook socket.
[[0;32m  OK  [0m] Started Daily Cleanup of Temporary Directories.
[[0;32m  OK  [0m] Started Daily apt download activities.
[[0;32m  OK  [0m] Started Daily apt upgrade and clean activities.
[[0;32m  OK  [0m] Reached target Timers.
[[0;32m  OK  [0m] Reached target Cloud-config availability.
[[0;32m  OK  [0m] Started Availability of block devices.
[[0;32m  OK  [0m] Listening on Socket activation for snappy daemon.
[[0;32m  OK  [0m] Listening on LXD - unix socket.
[[0;32m  OK  [0m] Reached target Sockets.
[[0;32m  OK  [0m] Reached target Basic System.
         Starting LSB: Record successful boot for GRUB...
         Starting Login Service...
         Starting System Logging Service...
         Starting Virtualbox guest utils...
[[0;32m  OK  [0m] Reached target Login Prompts (Pre).
[[0;32m  OK  [0m] Started D-Bus System Message Bus.
         Starting Permit User Sessions...
[[0;32m  OK  [0m] Started FUSE filesystem for LXC.
         Starting Accounts Service...
         Starting LXD - container startup/shutdown...
         Starting LSB: automatic crash report generation...
         Starting Snap Daemon...
         Starting Dispatcher daemon for systemd-networkd...
[[0;32m  OK  [0m] Started Regular background program processing daemon.
[[0;32m  OK  [0m] Started Deferred execution scheduler.
         Starting Pollinate to seed the pseudo random number generator...
[[0;32m  OK  [0m] Started irqbalance daemon.
[[0;32m  OK  [0m] Started System Logging Service.
[[0;32m  OK  [0m] Started Permit User Sessions.
[[0;32m  OK  [0m] Started Login Service.
[[0;32m  OK  [0m] Started Unattended Upgrades Shutdown.
         Starting Terminate Plymouth Boot Screen...
         Starting Hold until boot process finishes up...
[[0;32m  OK  [0m] Started Hold until boot process finishes up.
[[0;32m  OK  [0m] Started Serial Getty on ttyS0.
         Starting Set console scheme...
[[0;32m  OK  [0m] Started Terminate Plymouth Boot Screen.
[[0;32m  OK  [0m] Started Set console scheme.
[[0;32m  OK  [0m] Created slice system-getty.slice.
[[0;32m  OK  [0m] Started Getty on tty1.
[[0;32m  OK  [0m] Reached target Login Prompts.
[[0;32m  OK  [0m] Started LXD - container startup/shutdown.
[[0;32m  OK  [0m] Started LSB: automatic crash report generation.
         Starting Authorization Manager...
[[0;32m  OK  [0m] Started LSB: Record successful boot for GRUB.
[[0;32m  OK  [0m] Started Authorization Manager.
[[0;32m  OK  [0m] Started Accounts Service.
[[0;32m  OK  [0m] Started Virtualbox guest utils.
[[0;32m  OK  [0m] Started Dispatcher daemon for systemd-networkd.
[[0;32m  OK  [0m] Started Snap Daemon.
         Starting Wait until snapd is fully seeded...
[[0;32m  OK  [0m] Started Pollinate to seed the pseudo random number generator.
         Starting OpenBSD Secure Shell server...
[[0;32m  OK  [0m] Started OpenBSD Secure Shell server.
[[0;32m  OK  [0m] Created slice User Slice of vagrant.
         Starting User Manager for UID 1000...
[[0;32m  OK  [0m] Started Session 1 of user vagrant.
[[0;32m  OK  [0m] Started User Manager for UID 1000.
         Starting Time & Date Service...
[[0;32m  OK  [0m] Started Time & Date Service.
[[0;32m  OK  [0m] Started Wait until snapd is fully seeded.
         Starting Apply the settings specified in cloud-config...
[   19.380404] cloud-init[1498]: Cloud-init v. 23.1.2-0ubuntu0~18.04.1 running 'modules:config' at Tue, 12 Nov 2024 13:29:48 +0000. Up 17.83 seconds.

Ubuntu 18.04.6 LTS ubuntu-bionic ttyS0

ubuntu-bionic login: ci-info: no authorized SSH keys fingerprints found for user ubuntu.
<14>Nov 12 13:29:51 cloud-init: #############################################################
<14>Nov 12 13:29:51 cloud-init: -----BEGIN SSH HOST KEY FINGERPRINTS-----
<14>Nov 12 13:29:51 cloud-init: 1024 SHA256:latWMPzRGpJQB8j7R0ik6JqRCYGSbHRNg60zSuHKUck root@ubuntu-bionic (DSA)
<14>Nov 12 13:29:51 cloud-init: 256 SHA256:Bk/aF8ad9mS/7v08ikP12H0F+cqesCSZE7JpMYCiOqc root@ubuntu-bionic (ECDSA)
<14>Nov 12 13:29:51 cloud-init: 256 SHA256:qgKGb/K91ywqNWbYua1jYN1XY1WqmNCAt7x6r1yYOdA root@ubuntu-bionic (ED25519)
<14>Nov 12 13:29:51 cloud-init: 2048 SHA256:eUcck4o6Igkm1EQteu7QMVuQiqfJ6gOcUgyDlm0LKbE root@ubuntu-bionic (RSA)
<14>Nov 12 13:29:51 cloud-init: -----END SSH HOST KEY FINGERPRINTS-----
<14>Nov 12 13:29:51 cloud-init: #############################################################
-----BEGIN SSH HOST KEY KEYS-----
ecdsa-sha2-nistp256 AAAAE2VjZHNhLXNoYTItbmlzdHAyNTYAAAAIbmlzdHAyNTYAAABBBLzPJY/jKQ1N+fZPIYcptGYzy0dyKHEa87HbR/CBhTdew+yRwDdRKgjSWgXYFgf15qi2nuS74VxtSLU5oMLrh9M= root@ubuntu-bionic
ssh-ed25519 AAAAC3NzaC1lZDI1NTE5AAAAIA8CdJqmXFyaUNZelOO8g9Z9Q0DA8S9JUxBMjSSLcElx root@ubuntu-bionic
ssh-rsa AAAAB3NzaC1yc2EAAAADAQABAAABAQD04+UCDdakzJhl4ANS3Qz/92A+7yvVJKlNcigLkmYrlHLHSVnDBwoQVTszem5RUWm1B6S0pbbCK+ecMkHcn97CZXkCsjVRzFdtkNaYv3YVO0/uNSzjAyjKTUiCd50zJ1ofSj1hjgisV4TuPYM04iFDR9cgCIlPHoDS8x8bAWvISBRIOFY2mrcELOoNUYuXEnlJBWUKZvelLz46dyee0MMdoSb6+ohaXbiZlT9syzf5XvIHD6BidTDRm/ro3iUpQtp0zFLTubRRSZpvRyJ3SPaBZsZpZzd+9DsV+BT+kJoc5gUg4DFfdFoeaQzV4KVwrStZJ4apsKWGn8UaiFYLslNN root@ubuntu-bionic
-----END SSH HOST KEY KEYS-----
[   20.958714] cloud-init[1669]: Cloud-init v. 23.1.2-0ubuntu0~18.04.1 running 'modules:final' at Tue, 12 Nov 2024 13:29:51 +0000. Up 20.66 seconds.
[   20.960001] cloud-init[1669]: Cloud-init v. 23.1.2-0ubuntu0~18.04.1 finished at Tue, 12 Nov 2024 13:29:51 +0000. Datasource DataSourceNoCloud [seed=/dev/sdb][dsmode=net].  Up 20.94 seconds
